  Modelgeneration.cpp
g:\project\texturewall\texturewall\texturewall\setting.h(45): warning C4244: '/=': conversion from 'const double' to 'float', possible loss of data
g:\project\texturewall\texturewall\texturewall\setting.h(46): warning C4244: '/=': conversion from 'const double' to 'float', possible loss of data
g:\project\texturewall\texturewall\texturewall\setting.h(47): warning C4244: '/=': conversion from 'const double' to 'float', possible loss of data
g:\project\texturewall\texturewall\texturewall\setting.h(53): warning C4244: '*=': conversion from 'const double' to 'float', possible loss of data
g:\project\texturewall\texturewall\texturewall\setting.h(54): warning C4244: '*=': conversion from 'const double' to 'float', possible loss of data
g:\project\texturewall\texturewall\texturewall\setting.h(55): warning C4244: '*=': conversion from 'const double' to 'float', possible loss of data
g:\project\texturewall\texturewall\texturewall\modelgeneration.cpp(23): warning C4244: '=': conversion from 'double' to 'float', possible loss of data
g:\project\texturewall\texturewall\texturewall\modelgeneration.cpp(24): warning C4244: '=': conversion from 'double' to 'float', possible loss of data
g:\project\texturewall\texturewall\texturewall\modelgeneration.cpp(33): warning C4244: '=': conversion from 'double' to 'float', possible loss of data
g:\project\texturewall\texturewall\texturewall\modelgeneration.cpp(34): warning C4244: '=': conversion from 'double' to 'float', possible loss of data
g:\project\texturewall\texturewall\texturewall\modelgeneration.cpp(35): warning C4244: '=': conversion from 'double' to 'float', possible loss of data
g:\project\texturewall\texturewall\texturewall\modelgeneration.cpp(38): warning C4244: '=': conversion from 'double' to 'float', possible loss of data
g:\project\texturewall\texturewall\texturewall\modelgeneration.cpp(42): warning C4244: 'initializing': conversion from 'double' to 'int', possible loss of data
g:\project\texturewall\texturewall\texturewall\modelgeneration.cpp(45): warning C4018: '<': signed/unsigned mismatch
g:\project\texturewall\texturewall\texturewall\modelgeneration.cpp(46): warning C4244: '+=': conversion from 'double' to 'float', possible loss of data
g:\project\texturewall\texturewall\texturewall\modelgeneration.cpp(54): warning C4244: 'initializing': conversion from 'double' to 'int', possible loss of data
g:\project\texturewall\texturewall\texturewall\modelgeneration.cpp(57): warning C4018: '<': signed/unsigned mismatch
g:\project\texturewall\texturewall\texturewall\modelgeneration.cpp(59): warning C4244: '-=': conversion from 'double' to 'float', possible loss of data
g:\project\texturewall\texturewall\texturewall\modelgeneration.cpp(62): warning C4244: '-=': conversion from 'double' to 'float', possible loss of data
g:\project\texturewall\texturewall\texturewall\modelgeneration.cpp(63): warning C4244: '+=': conversion from 'double' to 'float', possible loss of data
g:\project\texturewall\texturewall\texturewall\modelgeneration.cpp(66): warning C4244: '+=': conversion from 'double' to 'float', possible loss of data
g:\project\texturewall\texturewall\texturewall\modelgeneration.cpp(68): warning C4244: '-=': conversion from 'double' to 'float', possible loss of data
g:\project\texturewall\texturewall\texturewall\modelgeneration.cpp(70): warning C4244: '-=': conversion from 'double' to 'float', possible loss of data
g:\project\texturewall\texturewall\texturewall\modelgeneration.cpp(74): warning C4244: '-=': conversion from 'double' to 'float', possible loss of data
  Gcodegeneration.cpp
g:\project\texturewall\texturewall\texturewall\setting.h(45): warning C4244: '/=': conversion from 'const double' to 'float', possible loss of data
g:\project\texturewall\texturewall\texturewall\setting.h(46): warning C4244: '/=': conversion from 'const double' to 'float', possible loss of data
g:\project\texturewall\texturewall\texturewall\setting.h(47): warning C4244: '/=': conversion from 'const double' to 'float', possible loss of data
g:\project\texturewall\texturewall\texturewall\setting.h(53): warning C4244: '*=': conversion from 'const double' to 'float', possible loss of data
g:\project\texturewall\texturewall\texturewall\setting.h(54): warning C4244: '*=': conversion from 'const double' to 'float', possible loss of data
g:\project\texturewall\texturewall\texturewall\setting.h(55): warning C4244: '*=': conversion from 'const double' to 'float', possible loss of data
g:\project\texturewall\texturewall\texturewall\gcodegeneration.cpp(96): warning C4018: '<': signed/unsigned mismatch
g:\project\texturewall\texturewall\texturewall\gcodegeneration.cpp(99): warning C4018: '<': signed/unsigned mismatch
g:\project\texturewall\texturewall\texturewall\gcodegeneration.cpp(100): warning C4244: '+=': conversion from 'double' to 'float', possible loss of data
  Generating Code...
  TextureWall.vcxproj -> G:\PROJECT\TextureWall\TextureWall\Debug\TextureWall.exe
  TextureWall.vcxproj -> G:\PROJECT\TextureWall\TextureWall\Debug\TextureWall.pdb (Full PDB)
